starting 2460471 at Sat May 11 22:44:01 EDT 2024 on c0002
my home dir is /home/fs01/spec1084

################################################################################

 PACKMOL - Packing optimization for the automated generation of
 starting configurations for molecular dynamics simulations.
 
                                                              Version 20.3.3 

################################################################################

  Packmol must be run with: packmol < inputfile.inp 

  Userguide at: http://m3g.iqm.unicamp.br/packmol 

  Reading input file... (Control-C aborts)
  Seed for random number generator:            1
  Output file: /home/icsefs01/spec1084/software/MPTS/simsKM/pA4.0qA0.0eA1.0sA1.0jpX3.8qX0.8eX2.6sX1.05/inputdata/in.xyz
  Reading coordinate file: tmp1.xyz
  Reading coordinate file: tmp2.xyz
  Number of independent structures:            2
  The structures are: 
  Structure            1 :(           1  atoms)
  Structure            2 :(           1  atoms)
  Maximum number of GENCAN loops for all molecule packing:          400
  Total number of restrictions:            2
  Distance tolerance:    1.0942296985154811     
  Number of molecules of type            1 :         3456
  Number of molecules of type            2 :         3456
  Total number of atoms:         6912
  Total number of molecules:         6912
  Number of fixed molecules:            0
  Number of free molecules:         6912
  Number of variables:        41472
  Total number of fixed atoms:            0
  Maximum internal distance of type            1 :    0.0000000000000000     
  Maximum internal distance of type            2 :    0.0000000000000000     
  All atoms must be within these coordinates: 
   x: [   -998.39999999999998      ,    1001.6000000000000       ] 
   y: [   -998.39999999999998      ,    1001.6000000000000       ] 
   z: [   -998.39999999999998      ,    1001.6000000000000       ] 
  If the system is larger than this, increase the sidemax parameter. 

################################################################################

  Building initial approximation ... 

################################################################################

  Adjusting initial point to fit the constraints 

--------------------------------------------------------------------------------

--------------------------------------------------------------------------------

  Molecules of type:            1

  Packing:|0                                                             100%|
          |

  Restraint-only function value:    3.1729004016288951E-010
  Maximum violation of the restraints:    8.4121605084841232E-013

--------------------------------------------------------------------------------

  Molecules of type:            2

  Packing:|0                                                             100%|
          |

  Restraint-only function value:    3.1347895536160282E-010
  Maximum violation of the restraints:    6.2820917369438813E-013

--------------------------------------------------------------------------------

  Rescaling maximum and minimum coordinates... 
  Computing size of patches... 
  Add fixed molecules to permanent arrays... 
  Reseting center of mass... 

--------------------------------------------------------------------------------

  Setting initial trial coordinates ... 

--------------------------------------------------------------------------------

--------------------------------------------------------------------------------

  Molecules of type:            1
  Adjusting random positions to fit the constraints. 
  Restraint-only function value:    0.0000000000000000     
  Maximum violation of the restraints:    0.0000000000000000     

--------------------------------------------------------------------------------

  Molecules of type:            2
  Adjusting random positions to fit the constraints. 
  Restraint-only function value:    0.0000000000000000     
  Maximum violation of the restraints:    0.0000000000000000     

################################################################################

  Objective function at initial point:    5296.4246414770041     

################################################################################

  Packing molecules of type:            1

################################################################################


--------------------------------------------------------------------------------

  Starting GENCAN loop:            0
  Scaling radii by:    1.1000000000000001     

  Packing:|0                                                             100%|
          |******************************************************************|
          |******************************************

  Function value from last GENCAN loop: f = .55126E-02
  Best function value before: f = .13383E+04
  Improvement from best function value:    99.99 %
  Improvement from last loop:    99.99 %
  Maximum violation of target distance:     0.000000
  Maximum violation of the constraints: .33423E-02
  Current structure written to file: /home/icsefs01/spec1084/software/MPTS/simsKM/pA4.0qA0.0eA1.0sA1.0jpX3.8qX0.8eX2.6sX1.05/inputdata/in.xyz
--------------------------------------------------------------------------------
  Packing solved for molecules of type           1
  Objective function value:    5.5125760803792744E-003
  Maximum violation of target distance:    0.0000000000000000     
  Max. constraint violation:    3.3422957733176234E-003
--------------------------------------------------------------------------------

################################################################################

  Packing molecules of type:            2

################################################################################


--------------------------------------------------------------------------------

  Starting GENCAN loop:            0
  Scaling radii by:    1.1000000000000001     

  Packing:|0                                                             100%|
          |******************************************************************|
          |**************

  Function value from last GENCAN loop: f = .47140E-02
  Best function value before: f = .13186E+04
  Improvement from best function value:    99.99 %
  Improvement from last loop:    99.99 %
  Maximum violation of target distance:     0.000000
  Maximum violation of the constraints: .70810E-03
  Current structure written to file: /home/icsefs01/spec1084/software/MPTS/simsKM/pA4.0qA0.0eA1.0sA1.0jpX3.8qX0.8eX2.6sX1.05/inputdata/in.xyz
--------------------------------------------------------------------------------
  Packing solved for molecules of type           2
  Objective function value:    4.7140281799255158E-003
  Maximum violation of target distance:    0.0000000000000000     
  Max. constraint violation:    7.0810268529423526E-004
--------------------------------------------------------------------------------

################################################################################

  Packing all molecules together 

################################################################################


--------------------------------------------------------------------------------

  Starting GENCAN loop:            0
  Scaling radii by:    1.1000000000000001     

  Packing:|0                                                             100%|
          |******************************************************************|
          |******************************************************************|

  Function value from last GENCAN loop: f = .88117E+02
  Best function value before: f = .24714E+04
  Improvement from best function value:    96.43 %
  Improvement from last loop:    96.43 %
  Maximum violation of target distance:     1.195753
  Maximum violation of the constraints: .41231E+00

--------------------------------------------------------------------------------


--------------------------------------------------------------------------------

  Starting GENCAN loop:            1
  Scaling radii by:    1.1000000000000001     

  Packing:|0                                                             100%|
          |******************************************************************|
          |******************************************************************|

  Function value from last GENCAN loop: f = .67214E+02
  Best function value before: f = .88117E+02
  Improvement from best function value:    23.72 %
  Improvement from last loop:    23.72 %
  Maximum violation of target distance:     1.197339
  Maximum violation of the constraints: .31847E+00

--------------------------------------------------------------------------------


--------------------------------------------------------------------------------

  Starting GENCAN loop:            2
  Scaling radii by:    1.1000000000000001     

  Packing:|0                                                             100%|
          |******************************************************************|
          |******************************************************************|

  Function value from last GENCAN loop: f = .57905E+02
  Best function value before: f = .67214E+02
  Improvement from best function value:    13.85 %
  Improvement from last loop:    13.85 %
  Maximum violation of target distance:     1.197339
  Maximum violation of the constraints: .31860E+00

--------------------------------------------------------------------------------


--------------------------------------------------------------------------------

  Starting GENCAN loop:            3
  Scaling radii by:    1.1000000000000001     

  Packing:|0                                                             100%|
          |******************************************************************|
          |******************************************************************|

  Function value from last GENCAN loop: f = .51149E+02
  Best function value before: f = .57905E+02
  Improvement from best function value:    11.67 %
  Improvement from last loop:    11.67 %
  Maximum violation of target distance:     1.197339
  Maximum violation of the constraints: .28622E+00

--------------------------------------------------------------------------------


--------------------------------------------------------------------------------

  Starting GENCAN loop:            4
  Scaling radii by:    1.1000000000000001     

  Packing:|0                                                             100%|
          |******************************************************************|
          |******************************************************************|

  Function value from last GENCAN loop: f = .44743E+02
  Best function value before: f = .51149E+02
  Improvement from best function value:    12.53 %
  Improvement from last loop:    12.53 %
  Maximum violation of target distance:     1.197339
  Maximum violation of the constraints: .23849E+00

--------------------------------------------------------------------------------


--------------------------------------------------------------------------------

  Starting GENCAN loop:            5
  Scaling radii by:    1.1000000000000001     

  Packing:|0                                                             100%|
          |******************************************************************|
          |******************************************************************|

  Function value from last GENCAN loop: f = .41838E+02
  Best function value before: f = .44743E+02
  Improvement from best function value:     6.49 %
  Improvement from last loop:     6.49 %
  Maximum violation of target distance:     1.197339
  Maximum violation of the constraints: .22492E+00

--------------------------------------------------------------------------------


--------------------------------------------------------------------------------

  Starting GENCAN loop:            6
  Scaling radii by:    1.1000000000000001     

  Packing:|0                                                             100%|
          |******************************************************************|
          |******************************************************************|

  Function value from last GENCAN loop: f = .39325E+02
  Best function value before: f = .41838E+02
  Improvement from best function value:     6.01 %
  Improvement from last loop:     6.01 %
  Maximum violation of target distance:     1.197339
  Maximum violation of the constraints: .20199E+00

--------------------------------------------------------------------------------


--------------------------------------------------------------------------------

  Starting GENCAN loop:            7
  Scaling radii by:    1.1000000000000001     

  Packing:|0                                                             100%|
          |******************************************************************|
          |******************************************************************|

  Function value from last GENCAN loop: f = .37947E+02
  Best function value before: f = .39325E+02
  Improvement from best function value:     3.50 %
  Improvement from last loop:     3.50 %
  Maximum violation of target distance:     1.197339
  Maximum violation of the constraints: .17716E+00

--------------------------------------------------------------------------------


--------------------------------------------------------------------------------

  Starting GENCAN loop:            8
  Scaling radii by:    1.1000000000000001     

  Packing:|0                                                             100%|
          |******************************************************************|
          |******************************************************************|

  Function value from last GENCAN loop: f = .36319E+02
  Best function value before: f = .37947E+02
  Improvement from best function value:     4.29 %
  Improvement from last loop:     4.29 %
  Maximum violation of target distance:     1.197339
  Maximum violation of the constraints: .15350E+00

--------------------------------------------------------------------------------


--------------------------------------------------------------------------------

  Starting GENCAN loop:            9
  Scaling radii by:    1.1000000000000001     

  Packing:|0                                                             100%|
          |******************************************************************|
          |******************************************************************|

  Function value from last GENCAN loop: f = .35332E+02
  Best function value before: f = .36319E+02
  Improvement from best function value:     2.72 %
  Improvement from last loop:     2.72 %
  Maximum violation of target distance:     1.197339
  Maximum violation of the constraints: .15375E+00

--------------------------------------------------------------------------------

  Current solution written to file: /home/icsefs01/spec1084/software/MPTS/simsKM/pA4.0qA0.0eA1.0sA1.0jpX3.8qX0.8eX2.6sX1.05/inputdata/in.xyz

--------------------------------------------------------------------------------

  Starting GENCAN loop:           10
  Scaling radii by:    1.1000000000000001     

  Packing:|0                                                             100%|
          |******************************************************************|
          |******************************************************************|

  Function value from last GENCAN loop: f = .34405E+02
  Best function value before: f = .35332E+02
  Improvement from best function value:     2.62 %
  Improvement from last loop:     2.62 %
  Maximum violation of target distance:     1.197339
  Maximum violation of the constraints: .16455E+00

--------------------------------------------------------------------------------


--------------------------------------------------------------------------------

  Starting GENCAN loop:           11
  Scaling radii by:    1.1000000000000001     

  Packing:|0                                                             100%|
          |******************************************************************|
          |******************************************************************|

  Function value from last GENCAN loop: f = .33880E+02
  Best function value before: f = .34405E+02
  Improvement from best function value:     1.53 %
  Improvement from last loop:     1.53 %
  Maximum violation of target distance:     1.197339
  Maximum violation of the constraints: .13578E+00

--------------------------------------------------------------------------------

  Moving worst molecules ... 
  Function value before moving molecules:   33.880040306076538     
  Type         1 molecules with non-zero contributions:   13.66%
  Moving         0 molecules of type         1
  New positions will be based on good molecules (movebadrandom is not set) 
   Moving:|0                                                             100%|
          ||
  Type         2 molecules with non-zero contributions:   15.02%
  Moving         0 molecules of type         2
  New positions will be based on good molecules (movebadrandom is not set) 
   Moving:|0                                                             100%|
          ||
  Function value after moving molecules:   33.880040306076538     

--------------------------------------------------------------------------------

  Starting GENCAN loop:           12
  Scaling radii by:    1.0000000000000000     

  Packing:|0                                                             100%|
          |******************************************************************|
          |******************************************************************|

  Function value from last GENCAN loop: f = .28448E-02
  Best function value before: f = .33880E+02
  Improvement from best function value:    99.99 %
  Improvement from last loop:    99.99 %
  Maximum violation of target distance:     0.023768
  Maximum violation of the constraints: .22481E-04

--------------------------------------------------------------------------------


--------------------------------------------------------------------------------

  Starting GENCAN loop:           13
  Scaling radii by:    1.0000000000000000     

  Packing:|0                                                             100%|
          |****************************

  Function value from last GENCAN loop: f = .11639E-03
  Best function value before: f = .28448E-02
  Improvement from best function value:    95.91 %
  Improvement from last loop:    95.91 %
  Maximum violation of target distance:     0.005856
  Maximum violation of the constraints: .60493E-06

################################################################################

                                 Success! 
              Final objective function value: .11639E-03
              Maximum violation of target distance:   0.005856
              Maximum violation of the constraints: .60493E-06

--------------------------------------------------------------------------------

              Please cite this work if Packmol was useful: 

           L. Martinez, R. Andrade, E. G. Birgin, J. M. Martinez, 
         PACKMOL: A package for building initial configurations for
                   molecular dynamics simulations. 
          Journal of Computational Chemistry, 30:2157-2164,2009.

################################################################################

  Solution written to file: /home/icsefs01/spec1084/software/MPTS/simsKM/pA4.0qA0.0eA1.0sA1.0jpX3.8qX0.8eX2.6sX1.05/inputdata/in.xyz

--------------------------------------------------------------------------------

   Running time:    53.2027702      seconds. 

--------------------------------------------------------------------------------


Submitted batch job 2460472

################################################################################

 PACKMOL - Packing optimization for the automated generation of
 starting configurations for molecular dynamics simulations.
 
                                                              Version 20.3.3 

################################################################################

  Packmol must be run with: packmol < inputfile.inp 

  Userguide at: http://m3g.iqm.unicamp.br/packmol 

  Reading input file... (Control-C aborts)
  Seed for random number generator:            1
  Output file: /home/icsefs01/spec1084/software/MPTS/simsKM/pA4.0qA0.0eA1.0sA1.0jpX3.8qX0.6eX2.4sX1.05/inputdata/in.xyz
  Reading coordinate file: tmp1.xyz
  Reading coordinate file: tmp2.xyz
  Number of independent structures:            2
  The structures are: 
  Structure            1 :(           1  atoms)
  Structure            2 :(           1  atoms)
  Maximum number of GENCAN loops for all molecule packing:          400
  Total number of restrictions:            2
  Distance tolerance:    1.0942296985154811     
  Number of molecules of type            1 :         3456
  Number of molecules of type            2 :         3456
  Total number of atoms:         6912
  Total number of molecules:         6912
  Number of fixed molecules:            0
  Number of free molecules:         6912
  Number of variables:        41472
  Total number of fixed atoms:            0
  Maximum internal distance of type            1 :    0.0000000000000000     
  Maximum internal distance of type            2 :    0.0000000000000000     
  All atoms must be within these coordinates: 
   x: [   -998.39999999999998      ,    1001.6000000000000       ] 
   y: [   -998.39999999999998      ,    1001.6000000000000       ] 
   z: [   -998.39999999999998      ,    1001.6000000000000       ] 
  If the system is larger than this, increase the sidemax parameter. 

################################################################################

  Building initial approximation ... 

################################################################################

  Adjusting initial point to fit the constraints 

--------------------------------------------------------------------------------

--------------------------------------------------------------------------------

  Molecules of type:            1

  Packing:|0                                                             100%|
          |

  Restraint-only function value:    3.1729004016288951E-010
  Maximum violation of the restraints:    8.4121605084841232E-013

--------------------------------------------------------------------------------

  Molecules of type:            2

  Packing:|0                                                             100%|
          |

  Restraint-only function value:    3.1347895536160282E-010
  Maximum violation of the restraints:    6.2820917369438813E-013

--------------------------------------------------------------------------------

  Rescaling maximum and minimum coordinates... 
  Computing size of patches... 
  Add fixed molecules to permanent arrays... 
  Reseting center of mass... 

--------------------------------------------------------------------------------

  Setting initial trial coordinates ... 

--------------------------------------------------------------------------------

--------------------------------------------------------------------------------

  Molecules of type:            1
  Adjusting random positions to fit the constraints. 
  Restraint-only function value:    0.0000000000000000     
  Maximum violation of the restraints:    0.0000000000000000     

--------------------------------------------------------------------------------

  Molecules of type:            2
  Adjusting random positions to fit the constraints. 
  Restraint-only function value:    0.0000000000000000     
  Maximum violation of the restraints:    0.0000000000000000     

################################################################################

  Objective function at initial point:    5296.4246414770041     

################################################################################

  Packing molecules of type:            1

################################################################################


--------------------------------------------------------------------------------

  Starting GENCAN loop:            0
  Scaling radii by:    1.1000000000000001     

  Packing:|0                                                             100%|
          |******************************************************************|
          |******************************************

  Function value from last GENCAN loop: f = .55126E-02
  Best function value before: f = .13383E+04
  Improvement from best function value:    99.99 %
  Improvement from last loop:    99.99 %
  Maximum violation of target distance:     0.000000
  Maximum violation of the constraints: .33423E-02
  Current structure written to file: /home/icsefs01/spec1084/software/MPTS/simsKM/pA4.0qA0.0eA1.0sA1.0jpX3.8qX0.6eX2.4sX1.05/inputdata/in.xyz
--------------------------------------------------------------------------------
  Packing solved for molecules of type           1
  Objective function value:    5.5125760803792744E-003
  Maximum violation of target distance:    0.0000000000000000     
  Max. constraint violation:    3.3422957733176234E-003
--------------------------------------------------------------------------------

################################################################################

  Packing molecules of type:            2

################################################################################


--------------------------------------------------------------------------------

  Starting GENCAN loop:            0
  Scaling radii by:    1.1000000000000001     

  Packing:|0                                                             100%|
          |******************************************************************|
          |**************

  Function value from last GENCAN loop: f = .47140E-02
  Best function value before: f = .13186E+04
  Improvement from best function value:    99.99 %
  Improvement from last loop:    99.99 %
  Maximum violation of target distance:     0.000000
  Maximum violation of the constraints: .70810E-03
  Current structure written to file: /home/icsefs01/spec1084/software/MPTS/simsKM/pA4.0qA0.0eA1.0sA1.0jpX3.8qX0.6eX2.4sX1.05/inputdata/in.xyz
--------------------------------------------------------------------------------
  Packing solved for molecules of type           2
  Objective function value:    4.7140281799255158E-003
  Maximum violation of target distance:    0.0000000000000000     
  Max. constraint violation:    7.0810268529423526E-004
--------------------------------------------------------------------------------

################################################################################

  Packing all molecules together 

################################################################################


--------------------------------------------------------------------------------

  Starting GENCAN loop:            0
  Scaling radii by:    1.1000000000000001     

  Packing:|0                                                             100%|
          |******************************************************************|
          |******************************************************************|

  Function value from last GENCAN loop: f = .88117E+02
  Best function value before: f = .24714E+04
  Improvement from best function value:    96.43 %
  Improvement from last loop:    96.43 %
  Maximum violation of target distance:     1.195753
  Maximum violation of the constraints: .41231E+00

--------------------------------------------------------------------------------


--------------------------------------------------------------------------------

  Starting GENCAN loop:            1
  Scaling radii by:    1.1000000000000001     

  Packing:|0                                                             100%|
          |******************************************************************|
          |******************************************************************|

  Function value from last GENCAN loop: f = .67214E+02
  Best function value before: f = .88117E+02
  Improvement from best function value:    23.72 %
  Improvement from last loop:    23.72 %
  Maximum violation of target distance:     1.197339
  Maximum violation of the constraints: .31847E+00

--------------------------------------------------------------------------------


--------------------------------------------------------------------------------

  Starting GENCAN loop:            2
  Scaling radii by:    1.1000000000000001     

  Packing:|0                                                             100%|
          |******************************************************************|
          |******************************************************************|

  Function value from last GENCAN loop: f = .57905E+02
  Best function value before: f = .67214E+02
  Improvement from best function value:    13.85 %
  Improvement from last loop:    13.85 %
  Maximum violation of target distance:     1.197339
  Maximum violation of the constraints: .31860E+00

--------------------------------------------------------------------------------


--------------------------------------------------------------------------------

  Starting GENCAN loop:            3
  Scaling radii by:    1.1000000000000001     

  Packing:|0                                                             100%|
          |******************************************************************|
          |******************************************************************|

  Function value from last GENCAN loop: f = .51149E+02
  Best function value before: f = .57905E+02
  Improvement from best function value:    11.67 %
  Improvement from last loop:    11.67 %
  Maximum violation of target distance:     1.197339
  Maximum violation of the constraints: .28622E+00

--------------------------------------------------------------------------------


--------------------------------------------------------------------------------

  Starting GENCAN loop:            4
  Scaling radii by:    1.1000000000000001     

  Packing:|0                                                             100%|
          |******************************************************************|
          |******************************************************************|

  Function value from last GENCAN loop: f = .44743E+02
  Best function value before: f = .51149E+02
  Improvement from best function value:    12.53 %
  Improvement from last loop:    12.53 %
  Maximum violation of target distance:     1.197339
  Maximum violation of the constraints: .23849E+00

--------------------------------------------------------------------------------


--------------------------------------------------------------------------------

  Starting GENCAN loop:            5
  Scaling radii by:    1.1000000000000001     

  Packing:|0                                                             100%|
          |******************************************************************|
          |******************************************************************|

  Function value from last GENCAN loop: f = .41838E+02
  Best function value before: f = .44743E+02
  Improvement from best function value:     6.49 %
  Improvement from last loop:     6.49 %
  Maximum violation of target distance:     1.197339
  Maximum violation of the constraints: .22492E+00

--------------------------------------------------------------------------------


--------------------------------------------------------------------------------

  Starting GENCAN loop:            6
  Scaling radii by:    1.1000000000000001     

  Packing:|0                                                             100%|
          |******************************************************************|
          |******************************************************************|

  Function value from last GENCAN loop: f = .39325E+02
  Best function value before: f = .41838E+02
  Improvement from best function value:     6.01 %
  Improvement from last loop:     6.01 %
  Maximum violation of target distance:     1.197339
  Maximum violation of the constraints: .20199E+00

--------------------------------------------------------------------------------


--------------------------------------------------------------------------------

  Starting GENCAN loop:            7
  Scaling radii by:    1.1000000000000001     

  Packing:|0                                                             100%|
          |******************************************************************|
          |******************************************************************|

  Function value from last GENCAN loop: f = .37947E+02
  Best function value before: f = .39325E+02
  Improvement from best function value:     3.50 %
  Improvement from last loop:     3.50 %
  Maximum violation of target distance:     1.197339
  Maximum violation of the constraints: .17716E+00

--------------------------------------------------------------------------------


--------------------------------------------------------------------------------

  Starting GENCAN loop:            8
  Scaling radii by:    1.1000000000000001     

  Packing:|0                                                             100%|
          |******************************************************************|
          |******************************************************************|

  Function value from last GENCAN loop: f = .36319E+02
  Best function value before: f = .37947E+02
  Improvement from best function value:     4.29 %
  Improvement from last loop:     4.29 %
  Maximum violation of target distance:     1.197339
  Maximum violation of the constraints: .15350E+00

--------------------------------------------------------------------------------


--------------------------------------------------------------------------------

  Starting GENCAN loop:            9
  Scaling radii by:    1.1000000000000001     

  Packing:|0                                                             100%|
          |******************************************************************|
          |******************************************************************|

  Function value from last GENCAN loop: f = .35332E+02
  Best function value before: f = .36319E+02
  Improvement from best function value:     2.72 %
  Improvement from last loop:     2.72 %
  Maximum violation of target distance:     1.197339
  Maximum violation of the constraints: .15375E+00

--------------------------------------------------------------------------------

  Current solution written to file: /home/icsefs01/spec1084/software/MPTS/simsKM/pA4.0qA0.0eA1.0sA1.0jpX3.8qX0.6eX2.4sX1.05/inputdata/in.xyz

--------------------------------------------------------------------------------

  Starting GENCAN loop:           10
  Scaling radii by:    1.1000000000000001     

  Packing:|0                                                             100%|
          |******************************************************************|
          |******************************************************************|

  Function value from last GENCAN loop: f = .34405E+02
  Best function value before: f = .35332E+02
  Improvement from best function value:     2.62 %
  Improvement from last loop:     2.62 %
  Maximum violation of target distance:     1.197339
  Maximum violation of the constraints: .16455E+00

--------------------------------------------------------------------------------


--------------------------------------------------------------------------------

  Starting GENCAN loop:           11
  Scaling radii by:    1.1000000000000001     

  Packing:|0                                                             100%|
          |******************************************************************|
          |******************************************************************|

  Function value from last GENCAN loop: f = .33880E+02
  Best function value before: f = .34405E+02
  Improvement from best function value:     1.53 %
  Improvement from last loop:     1.53 %
  Maximum violation of target distance:     1.197339
  Maximum violation of the constraints: .13578E+00

--------------------------------------------------------------------------------

  Moving worst molecules ... 
  Function value before moving molecules:   33.880040306076538     
  Type         1 molecules with non-zero contributions:   13.66%
  Moving         0 molecules of type         1
  New positions will be based on good molecules (movebadrandom is not set) 
   Moving:|0                                                             100%|
          ||
  Type         2 molecules with non-zero contributions:   15.02%
  Moving         0 molecules of type         2
  New positions will be based on good molecules (movebadrandom is not set) 
   Moving:|0                                                             100%|
          ||
  Function value after moving molecules:   33.880040306076538     

--------------------------------------------------------------------------------

  Starting GENCAN loop:           12
  Scaling radii by:    1.0000000000000000     

  Packing:|0                                                             100%|
          |******************************************************************|
          |******************************************************************|

  Function value from last GENCAN loop: f = .28448E-02
  Best function value before: f = .33880E+02
  Improvement from best function value:    99.99 %
  Improvement from last loop:    99.99 %
  Maximum violation of target distance:     0.023768
  Maximum violation of the constraints: .22481E-04

--------------------------------------------------------------------------------


--------------------------------------------------------------------------------

  Starting GENCAN loop:           13
  Scaling radii by:    1.0000000000000000     

  Packing:|0                                                             100%|
          |****************************

  Function value from last GENCAN loop: f = .11639E-03
  Best function value before: f = .28448E-02
  Improvement from best function value:    95.91 %
  Improvement from last loop:    95.91 %
  Maximum violation of target distance:     0.005856
  Maximum violation of the constraints: .60493E-06

################################################################################

                                 Success! 
              Final objective function value: .11639E-03
              Maximum violation of target distance:   0.005856
              Maximum violation of the constraints: .60493E-06

--------------------------------------------------------------------------------

              Please cite this work if Packmol was useful: 

           L. Martinez, R. Andrade, E. G. Birgin, J. M. Martinez, 
         PACKMOL: A package for building initial configurations for
                   molecular dynamics simulations. 
          Journal of Computational Chemistry, 30:2157-2164,2009.

################################################################################

  Solution written to file: /home/icsefs01/spec1084/software/MPTS/simsKM/pA4.0qA0.0eA1.0sA1.0jpX3.8qX0.6eX2.4sX1.05/inputdata/in.xyz

--------------------------------------------------------------------------------

   Running time:    51.3159142      seconds. 

--------------------------------------------------------------------------------


Submitted batch job 2460473

################################################################################

 PACKMOL - Packing optimization for the automated generation of
 starting configurations for molecular dynamics simulations.
 
                                                              Version 20.3.3 

################################################################################

  Packmol must be run with: packmol < inputfile.inp 

  Userguide at: http://m3g.iqm.unicamp.br/packmol 

  Reading input file... (Control-C aborts)
  Seed for random number generator:            1
  Output file: /home/icsefs01/spec1084/software/MPTS/simsKM/pA3.6qA0.8eA1.2sA1.05jpX3.8qX0.8eX2.6sX1.05/inputdata/in.xyz
  Reading coordinate file: tmp1.xyz
  Reading coordinate file: tmp2.xyz
  Number of independent structures:            2
  The structures are: 
  Structure            1 :(           1  atoms)
  Structure            2 :(           1  atoms)
  Maximum number of GENCAN loops for all molecule packing:          400
  Total number of restrictions:            2
  Distance tolerance:    1.0942296985154811     
  Number of molecules of type            1 :         3456
  Number of molecules of type            2 :         3456
  Total number of atoms:         6912
  Total number of molecules:         6912
  Number of fixed molecules:            0
  Number of free molecules:         6912
  Number of variables:        41472
  Total number of fixed atoms:            0
  Maximum internal distance of type            1 :    0.0000000000000000     
  Maximum internal distance of type            2 :    0.0000000000000000     
  All atoms must be within these coordinates: 
   x: [   -998.39999999999998      ,    1001.6000000000000       ] 
   y: [   -998.39999999999998      ,    1001.6000000000000       ] 
   z: [   -998.39999999999998      ,    1001.6000000000000       ] 
  If the system is larger than this, increase the sidemax parameter. 

################################################################################

  Building initial approximation ... 

################################################################################

  Adjusting initial point to fit the constraints 

--------------------------------------------------------------------------------

--------------------------------------------------------------------------------

  Molecules of type:            1

  Packing:|0                                                             100%|
          |

  Restraint-only function value:    3.1729004016288951E-010
  Maximum violation of the restraints:    8.4121605084841232E-013

--------------------------------------------------------------------------------

  Molecules of type:            2

  Packing:|0                                                             100%|
          |

  Restraint-only function value:    3.1347895536160282E-010
  Maximum violation of the restraints:    6.2820917369438813E-013

--------------------------------------------------------------------------------

  Rescaling maximum and minimum coordinates... 
  Computing size of patches... 
  Add fixed molecules to permanent arrays... 
  Reseting center of mass... 

--------------------------------------------------------------------------------

  Setting initial trial coordinates ... 

--------------------------------------------------------------------------------

--------------------------------------------------------------------------------

  Molecules of type:            1
  Adjusting random positions to fit the constraints. 
  Restraint-only function value:    0.0000000000000000     
  Maximum violation of the restraints:    0.0000000000000000     

--------------------------------------------------------------------------------

  Molecules of type:            2
  Adjusting random positions to fit the constraints. 
  Restraint-only function value:    0.0000000000000000     
  Maximum violation of the restraints:    0.0000000000000000     

################################################################################

  Objective function at initial point:    5296.4246414770041     

################################################################################

  Packing molecules of type:            1

################################################################################


--------------------------------------------------------------------------------

  Starting GENCAN loop:            0
  Scaling radii by:    1.1000000000000001     

  Packing:|0                                                             100%|
          |******************************************************************|
          |******************************************

  Function value from last GENCAN loop: f = .55126E-02
  Best function value before: f = .13383E+04
  Improvement from best function value:    99.99 %
  Improvement from last loop:    99.99 %
  Maximum violation of target distance:     0.000000
  Maximum violation of the constraints: .33423E-02
  Current structure written to file: /home/icsefs01/spec1084/software/MPTS/simsKM/pA3.6qA0.8eA1.2sA1.05jpX3.8qX0.8eX2.6sX1.05/inputdata/in.xyz
--------------------------------------------------------------------------------
  Packing solved for molecules of type           1
  Objective function value:    5.5125760803792744E-003
  Maximum violation of target distance:    0.0000000000000000     
  Max. constraint violation:    3.3422957733176234E-003
--------------------------------------------------------------------------------

################################################################################

  Packing molecules of type:            2

################################################################################


--------------------------------------------------------------------------------

  Starting GENCAN loop:            0
  Scaling radii by:    1.1000000000000001     

  Packing:|0                                                             100%|
          |******************************************************************|
          |**************

  Function value from last GENCAN loop: f = .47140E-02
  Best function value before: f = .13186E+04
  Improvement from best function value:    99.99 %
  Improvement from last loop:    99.99 %
  Maximum violation of target distance:     0.000000
  Maximum violation of the constraints: .70810E-03
  Current structure written to file: /home/icsefs01/spec1084/software/MPTS/simsKM/pA3.6qA0.8eA1.2sA1.05jpX3.8qX0.8eX2.6sX1.05/inputdata/in.xyz
--------------------------------------------------------------------------------
  Packing solved for molecules of type           2
  Objective function value:    4.7140281799255158E-003
  Maximum violation of target distance:    0.0000000000000000     
  Max. constraint violation:    7.0810268529423526E-004
--------------------------------------------------------------------------------

################################################################################

  Packing all molecules together 

################################################################################


--------------------------------------------------------------------------------

  Starting GENCAN loop:            0
  Scaling radii by:    1.1000000000000001     

  Packing:|0                                                             100%|
          |******************************************************************|
          |******************************************************************|

  Function value from last GENCAN loop: f = .88117E+02
  Best function value before: f = .24714E+04
  Improvement from best function value:    96.43 %
  Improvement from last loop:    96.43 %
  Maximum violation of target distance:     1.195753
  Maximum violation of the constraints: .41231E+00

--------------------------------------------------------------------------------


--------------------------------------------------------------------------------

  Starting GENCAN loop:            1
  Scaling radii by:    1.1000000000000001     

  Packing:|0                                                             100%|
          |******************************************************************|
          |******************************************************************|

  Function value from last GENCAN loop: f = .67214E+02
  Best function value before: f = .88117E+02
  Improvement from best function value:    23.72 %
  Improvement from last loop:    23.72 %
  Maximum violation of target distance:     1.197339
  Maximum violation of the constraints: .31847E+00

--------------------------------------------------------------------------------


--------------------------------------------------------------------------------

  Starting GENCAN loop:            2
  Scaling radii by:    1.1000000000000001     

  Packing:|0                                                             100%|
          |******************************************************************|
          |******************************************************************|

  Function value from last GENCAN loop: f = .57905E+02
  Best function value before: f = .67214E+02
  Improvement from best function value:    13.85 %
  Improvement from last loop:    13.85 %
  Maximum violation of target distance:     1.197339
  Maximum violation of the constraints: .31860E+00

--------------------------------------------------------------------------------


--------------------------------------------------------------------------------

  Starting GENCAN loop:            3
  Scaling radii by:    1.1000000000000001     

  Packing:|0                                                             100%|
          |******************************************************************|
          |******************************************************************|

  Function value from last GENCAN loop: f = .51149E+02
  Best function value before: f = .57905E+02
  Improvement from best function value:    11.67 %
  Improvement from last loop:    11.67 %
  Maximum violation of target distance:     1.197339
  Maximum violation of the constraints: .28622E+00

--------------------------------------------------------------------------------


--------------------------------------------------------------------------------

  Starting GENCAN loop:            4
  Scaling radii by:    1.1000000000000001     

  Packing:|0                                                             100%|
          |******************************************************************|
          |******************************************************************|

  Function value from last GENCAN loop: f = .44743E+02
  Best function value before: f = .51149E+02
  Improvement from best function value:    12.53 %
  Improvement from last loop:    12.53 %
  Maximum violation of target distance:     1.197339
  Maximum violation of the constraints: .23849E+00

--------------------------------------------------------------------------------


--------------------------------------------------------------------------------

  Starting GENCAN loop:            5
  Scaling radii by:    1.1000000000000001     

  Packing:|0                                                             100%|
          |******************************************************************|
          |******************************************************************|

  Function value from last GENCAN loop: f = .41838E+02
  Best function value before: f = .44743E+02
  Improvement from best function value:     6.49 %
  Improvement from last loop:     6.49 %
  Maximum violation of target distance:     1.197339
  Maximum violation of the constraints: .22492E+00

--------------------------------------------------------------------------------


--------------------------------------------------------------------------------

  Starting GENCAN loop:            6
  Scaling radii by:    1.1000000000000001     

  Packing:|0                                                             100%|
          |******************************************************************|
          |******************************************************************|

  Function value from last GENCAN loop: f = .39325E+02
  Best function value before: f = .41838E+02
  Improvement from best function value:     6.01 %
  Improvement from last loop:     6.01 %
  Maximum violation of target distance:     1.197339
  Maximum violation of the constraints: .20199E+00

--------------------------------------------------------------------------------


--------------------------------------------------------------------------------

  Starting GENCAN loop:            7
  Scaling radii by:    1.1000000000000001     

  Packing:|0                                                             100%|
          |******************************************************************|
          |******************************************************************|

  Function value from last GENCAN loop: f = .37947E+02
  Best function value before: f = .39325E+02
  Improvement from best function value:     3.50 %
  Improvement from last loop:     3.50 %
  Maximum violation of target distance:     1.197339
  Maximum violation of the constraints: .17716E+00

--------------------------------------------------------------------------------


--------------------------------------------------------------------------------

  Starting GENCAN loop:            8
  Scaling radii by:    1.1000000000000001     

  Packing:|0                                                             100%|
          |******************************************************************|
          |******************************************************************|

  Function value from last GENCAN loop: f = .36319E+02
  Best function value before: f = .37947E+02
  Improvement from best function value:     4.29 %
  Improvement from last loop:     4.29 %
  Maximum violation of target distance:     1.197339
  Maximum violation of the constraints: .15350E+00

--------------------------------------------------------------------------------


--------------------------------------------------------------------------------

  Starting GENCAN loop:            9
  Scaling radii by:    1.1000000000000001     

  Packing:|0                                                             100%|
          |******************************************************************|
          |******************************************************************|

  Function value from last GENCAN loop: f = .35332E+02
  Best function value before: f = .36319E+02
  Improvement from best function value:     2.72 %
  Improvement from last loop:     2.72 %
  Maximum violation of target distance:     1.197339
  Maximum violation of the constraints: .15375E+00

--------------------------------------------------------------------------------

  Current solution written to file: /home/icsefs01/spec1084/software/MPTS/simsKM/pA3.6qA0.8eA1.2sA1.05jpX3.8qX0.8eX2.6sX1.05/inputdata/in.xyz

--------------------------------------------------------------------------------

  Starting GENCAN loop:           10
  Scaling radii by:    1.1000000000000001     

  Packing:|0                                                             100%|
          |******************************************************************|
          |******************************************************************|

  Function value from last GENCAN loop: f = .34405E+02
  Best function value before: f = .35332E+02
  Improvement from best function value:     2.62 %
  Improvement from last loop:     2.62 %
  Maximum violation of target distance:     1.197339
  Maximum violation of the constraints: .16455E+00

--------------------------------------------------------------------------------


--------------------------------------------------------------------------------

  Starting GENCAN loop:           11
  Scaling radii by:    1.1000000000000001     

  Packing:|0                                                             100%|
          |******************************************************************|
          |******************************************************************|

  Function value from last GENCAN loop: f = .33880E+02
  Best function value before: f = .34405E+02
  Improvement from best function value:     1.53 %
  Improvement from last loop:     1.53 %
  Maximum violation of target distance:     1.197339
  Maximum violation of the constraints: .13578E+00

--------------------------------------------------------------------------------

  Moving worst molecules ... 
  Function value before moving molecules:   33.880040306076538     
  Type         1 molecules with non-zero contributions:   13.66%
  Moving         0 molecules of type         1
  New positions will be based on good molecules (movebadrandom is not set) 
   Moving:|0                                                             100%|
          ||
  Type         2 molecules with non-zero contributions:   15.02%
  Moving         0 molecules of type         2
  New positions will be based on good molecules (movebadrandom is not set) 
   Moving:|0                                                             100%|
          ||
  Function value after moving molecules:   33.880040306076538     

--------------------------------------------------------------------------------

  Starting GENCAN loop:           12
  Scaling radii by:    1.0000000000000000     

  Packing:|0                                                             100%|
          |******************************************************************|
          |******************************************************************|

  Function value from last GENCAN loop: f = .28448E-02
  Best function value before: f = .33880E+02
  Improvement from best function value:    99.99 %
  Improvement from last loop:    99.99 %
  Maximum violation of target distance:     0.023768
  Maximum violation of the constraints: .22481E-04

--------------------------------------------------------------------------------


--------------------------------------------------------------------------------

  Starting GENCAN loop:           13
  Scaling radii by:    1.0000000000000000     

  Packing:|0                                                             100%|
          |****************************

  Function value from last GENCAN loop: f = .11639E-03
  Best function value before: f = .28448E-02
  Improvement from best function value:    95.91 %
  Improvement from last loop:    95.91 %
  Maximum violation of target distance:     0.005856
  Maximum violation of the constraints: .60493E-06

################################################################################

                                 Success! 
              Final objective function value: .11639E-03
              Maximum violation of target distance:   0.005856
              Maximum violation of the constraints: .60493E-06

--------------------------------------------------------------------------------

              Please cite this work if Packmol was useful: 

           L. Martinez, R. Andrade, E. G. Birgin, J. M. Martinez, 
         PACKMOL: A package for building initial configurations for
                   molecular dynamics simulations. 
          Journal of Computational Chemistry, 30:2157-2164,2009.

################################################################################

  Solution written to file: /home/icsefs01/spec1084/software/MPTS/simsKM/pA3.6qA0.8eA1.2sA1.05jpX3.8qX0.8eX2.6sX1.05/inputdata/in.xyz

--------------------------------------------------------------------------------

   Running time:    51.1571083      seconds. 

--------------------------------------------------------------------------------


Submitted batch job 2460474

################################################################################

 PACKMOL - Packing optimization for the automated generation of
 starting configurations for molecular dynamics simulations.
 
                                                              Version 20.3.3 

################################################################################

  Packmol must be run with: packmol < inputfile.inp 

  Userguide at: http://m3g.iqm.unicamp.br/packmol 

  Reading input file... (Control-C aborts)
  Seed for random number generator:            1
  Output file: /home/icsefs01/spec1084/software/MPTS/simsKM/pA4.0qA0.0eA1.0sA1.0jpX3.8qX0.4eX2.4sX1.05/inputdata/in.xyz
  Reading coordinate file: tmp1.xyz
  Reading coordinate file: tmp2.xyz
  Number of independent structures:            2
  The structures are: 
  Structure            1 :(           1  atoms)
  Structure            2 :(           1  atoms)
  Maximum number of GENCAN loops for all molecule packing:          400
  Total number of restrictions:            2
  Distance tolerance:    1.0942296985154811     
  Number of molecules of type            1 :         3456
  Number of molecules of type            2 :         3456
  Total number of atoms:         6912
  Total number of molecules:         6912
  Number of fixed molecules:            0
  Number of free molecules:         6912
  Number of variables:        41472
  Total number of fixed atoms:            0
  Maximum internal distance of type            1 :    0.0000000000000000     
  Maximum internal distance of type            2 :    0.0000000000000000     
  All atoms must be within these coordinates: 
   x: [   -998.39999999999998      ,    1001.6000000000000       ] 
   y: [   -998.39999999999998      ,    1001.6000000000000       ] 
   z: [   -998.39999999999998      ,    1001.6000000000000       ] 
  If the system is larger than this, increase the sidemax parameter. 

################################################################################

  Building initial approximation ... 

################################################################################

  Adjusting initial point to fit the constraints 

--------------------------------------------------------------------------------

--------------------------------------------------------------------------------

  Molecules of type:            1

  Packing:|0                                                             100%|
          |

  Restraint-only function value:    3.1729004016288951E-010
  Maximum violation of the restraints:    8.4121605084841232E-013

--------------------------------------------------------------------------------

  Molecules of type:            2

  Packing:|0                                                             100%|
          |

  Restraint-only function value:    3.1347895536160282E-010
  Maximum violation of the restraints:    6.2820917369438813E-013

--------------------------------------------------------------------------------

  Rescaling maximum and minimum coordinates... 
  Computing size of patches... 
  Add fixed molecules to permanent arrays... 
  Reseting center of mass... 

--------------------------------------------------------------------------------

  Setting initial trial coordinates ... 

--------------------------------------------------------------------------------

--------------------------------------------------------------------------------

  Molecules of type:            1
  Adjusting random positions to fit the constraints. 
  Restraint-only function value:    0.0000000000000000     
  Maximum violation of the restraints:    0.0000000000000000     

--------------------------------------------------------------------------------

  Molecules of type:            2
  Adjusting random positions to fit the constraints. 
  Restraint-only function value:    0.0000000000000000     
  Maximum violation of the restraints:    0.0000000000000000     

################################################################################

  Objective function at initial point:    5296.4246414770041     

################################################################################

  Packing molecules of type:            1

################################################################################


--------------------------------------------------------------------------------

  Starting GENCAN loop:            0
  Scaling radii by:    1.1000000000000001     

  Packing:|0                                                             100%|
          |******************************************************************|
          |******************************************

  Function value from last GENCAN loop: f = .55126E-02
  Best function value before: f = .13383E+04
  Improvement from best function value:    99.99 %
  Improvement from last loop:    99.99 %
  Maximum violation of target distance:     0.000000
  Maximum violation of the constraints: .33423E-02
  Current structure written to file: /home/icsefs01/spec1084/software/MPTS/simsKM/pA4.0qA0.0eA1.0sA1.0jpX3.8qX0.4eX2.4sX1.05/inputdata/in.xyz
--------------------------------------------------------------------------------
  Packing solved for molecules of type           1
  Objective function value:    5.5125760803792744E-003
  Maximum violation of target distance:    0.0000000000000000     
  Max. constraint violation:    3.3422957733176234E-003
--------------------------------------------------------------------------------

################################################################################

  Packing molecules of type:            2

################################################################################


--------------------------------------------------------------------------------

  Starting GENCAN loop:            0
  Scaling radii by:    1.1000000000000001     

  Packing:|0                                                             100%|
          |******************************************************************|
          |**************

  Function value from last GENCAN loop: f = .47140E-02
  Best function value before: f = .13186E+04
  Improvement from best function value:    99.99 %
  Improvement from last loop:    99.99 %
  Maximum violation of target distance:     0.000000
  Maximum violation of the constraints: .70810E-03
  Current structure written to file: /home/icsefs01/spec1084/software/MPTS/simsKM/pA4.0qA0.0eA1.0sA1.0jpX3.8qX0.4eX2.4sX1.05/inputdata/in.xyz
--------------------------------------------------------------------------------
  Packing solved for molecules of type           2
  Objective function value:    4.7140281799255158E-003
  Maximum violation of target distance:    0.0000000000000000     
  Max. constraint violation:    7.0810268529423526E-004
--------------------------------------------------------------------------------

################################################################################

  Packing all molecules together 

################################################################################


--------------------------------------------------------------------------------

  Starting GENCAN loop:            0
  Scaling radii by:    1.1000000000000001     

  Packing:|0                                                             100%|
          |******************************************************************|
          |******************************************************************|

  Function value from last GENCAN loop: f = .88117E+02
  Best function value before: f = .24714E+04
  Improvement from best function value:    96.43 %
  Improvement from last loop:    96.43 %
  Maximum violation of target distance:     1.195753
  Maximum violation of the constraints: .41231E+00

--------------------------------------------------------------------------------


--------------------------------------------------------------------------------

  Starting GENCAN loop:            1
  Scaling radii by:    1.1000000000000001     

  Packing:|0                                                             100%|
          |******************************************************************|
          |******************************************************************|

  Function value from last GENCAN loop: f = .67214E+02
  Best function value before: f = .88117E+02
  Improvement from best function value:    23.72 %
  Improvement from last loop:    23.72 %
  Maximum violation of target distance:     1.197339
  Maximum violation of the constraints: .31847E+00

--------------------------------------------------------------------------------


--------------------------------------------------------------------------------

  Starting GENCAN loop:            2
  Scaling radii by:    1.1000000000000001     

  Packing:|0                                                             100%|
          |******************************************************************|
          |******************************************************************|

  Function value from last GENCAN loop: f = .57905E+02
  Best function value before: f = .67214E+02
  Improvement from best function value:    13.85 %
  Improvement from last loop:    13.85 %
  Maximum violation of target distance:     1.197339
  Maximum violation of the constraints: .31860E+00

--------------------------------------------------------------------------------


--------------------------------------------------------------------------------

  Starting GENCAN loop:            3
  Scaling radii by:    1.1000000000000001     

  Packing:|0                                                             100%|
          |******************************************************************|
          |******************************************************************|

  Function value from last GENCAN loop: f = .51149E+02
  Best function value before: f = .57905E+02
  Improvement from best function value:    11.67 %
  Improvement from last loop:    11.67 %
  Maximum violation of target distance:     1.197339
  Maximum violation of the constraints: .28622E+00

--------------------------------------------------------------------------------


--------------------------------------------------------------------------------

  Starting GENCAN loop:            4
  Scaling radii by:    1.1000000000000001     

  Packing:|0                                                             100%|
          |******************************************************************|
          |******************************************************************|

  Function value from last GENCAN loop: f = .44743E+02
  Best function value before: f = .51149E+02
  Improvement from best function value:    12.53 %
  Improvement from last loop:    12.53 %
  Maximum violation of target distance:     1.197339
  Maximum violation of the constraints: .23849E+00

--------------------------------------------------------------------------------


--------------------------------------------------------------------------------

  Starting GENCAN loop:            5
  Scaling radii by:    1.1000000000000001     

  Packing:|0                                                             100%|
          |******************************************************************|
          |******************************************************************|

  Function value from last GENCAN loop: f = .41838E+02
  Best function value before: f = .44743E+02
  Improvement from best function value:     6.49 %
  Improvement from last loop:     6.49 %
  Maximum violation of target distance:     1.197339
  Maximum violation of the constraints: .22492E+00

--------------------------------------------------------------------------------


--------------------------------------------------------------------------------

  Starting GENCAN loop:            6
  Scaling radii by:    1.1000000000000001     

  Packing:|0                                                             100%|
          |******************************************************************|
          |******************************************************************|

  Function value from last GENCAN loop: f = .39325E+02
  Best function value before: f = .41838E+02
